<?xml version="1.0" encoding="UTF-8"?>
<!-- Generated by org.testng.reporters.JUnitXMLReporter -->
<testsuite ignored="0" hostname="IB-SEZ-LAP-793" failures="1" tests="16" name="Test" time="66.629" errors="0" timestamp="2022-01-04T19:41:42 IST">
  <testcase classname="com.evo.testcases.Login_test" name="TC001_Login" time="22.115"/>
  <testcase classname="com.evo.testcases.Home_test" name="TC001_Dashboard" time="7.712"/>
  <testcase classname="com.evo.testcases.Home_test" name="TC002_UserProfile" time="1.223"/>
  <testcase classname="com.evo.testcases.Home_test" name="TC003_Tasks" time="1.694"/>
  <testcase classname="com.evo.testcases.Home_test" name="TC004_Projects" time="0.788"/>
  <testcase classname="com.evo.testcases.Home_test" name="TC005_Reports" time="3.701"/>
  <testcase classname="com.evo.testcases.Home_test" name="TC006_Directory" time="0.434"/>
  <testcase classname="com.evo.testcases.Home_test" name="TC007_Communications" time="5.712"/>
  <testcase classname="com.evo.testcases.Home_test" name="TC008_Documents" time="1.481">
    <failure type="org.openqa.selenium.ElementClickInterceptedException" message="element click intercepted: Element &amp;lt;a _ngcontent-fgj-c9=&amp;quot;&amp;quot; class=&amp;quot;task-name&amp;quot; id=&amp;quot;notActive_/allDocuments&amp;quot; href=&amp;quot;/enova.cossp.app/en/allDocuments&amp;quot; style=&amp;quot;color: rgb(255, 255, 255);&amp;quot;&amp;gt;...&amp;lt;/a&amp;gt; is not clickable at point (83, 641). Other element would receive the click: &amp;lt;div class=&amp;quot;ui-tooltip-text ui-shadow ui-corner-all&amp;quot;&amp;gt;...&amp;lt;/div&amp;gt;
  (Session info: chrome=96.0.4664.110)
Build info: version: &amp;apos;3.141.59&amp;apos;, revision: &amp;apos;e82be7d358&amp;apos;, time: &amp;apos;2018-11-14T08:17:03&amp;apos;
System info: host: &amp;apos;IB-SEZ-LAP-793&amp;apos;, ip: &amp;apos;192.168.29.139&amp;apos;, os.name: &amp;apos;Windows 10&amp;apos;, os.arch: &amp;apos;amd64&amp;apos;, os.version: &amp;apos;10.0&amp;apos;, java.version: &amp;apos;16.0.2&amp;apos;
Driver info: org.openqa.selenium.chrome.ChromeDriver
Capabilities {acceptInsecureCerts: false, browserName: chrome, browserVersion: 96.0.4664.110, chrome: {chromedriverVersion: 95.0.4638.17 (a9d0719444d4b..., userDataDir: C:\Users\ZAID~1.NEZ\AppData...}, goog:chromeOptions: {debuggerAddress: localhost:49815}, javascriptEnabled: true, networkConnectionEnabled: false, pageLoadStrategy: normal, platform: WINDOWS, platformName: WINDOWS, proxy: Proxy(), setWindowRect: true, strictFileInteractability: false, timeouts: {implicit: 0, pageLoad: 300000, script: 30000}, unhandledPromptBehavior: dismiss and notify, webauthn:extension:credBlob: true, webauthn:extension:largeBlob: true, webauthn:virtualAuthenticators: true}
Session ID: 3818d9a2d2c08d62a1e49e85fa11cd74">
      <![CDATA[org.openqa.selenium.ElementClickInterceptedException: element click intercepted: Element <a _ngcontent-fgj-c9="" class="task-name" id="notActive_/allDocuments" href="/enova.cossp.app/en/allDocuments" style="color: rgb(255, 255, 255);">...</a> is not clickable at point (83, 641). Other element would receive the click: <div class="ui-tooltip-text ui-shadow ui-corner-all">...</div>
  (Session info: chrome=96.0.4664.110)
Build info: version: '3.141.59', revision: 'e82be7d358', time: '2018-11-14T08:17:03'
System info: host: 'IB-SEZ-LAP-793', ip: '192.168.29.139', os.name: 'Windows 10', os.arch: 'amd64', os.version: '10.0', java.version: '16.0.2'
Driver info: org.openqa.selenium.chrome.ChromeDriver
Capabilities {acceptInsecureCerts: false, browserName: chrome, browserVersion: 96.0.4664.110, chrome: {chromedriverVersion: 95.0.4638.17 (a9d0719444d4b..., userDataDir: C:\Users\ZAID~1.NEZ\AppData...}, goog:chromeOptions: {debuggerAddress: localhost:49815}, javascriptEnabled: true, networkConnectionEnabled: false, pageLoadStrategy: normal, platform: WINDOWS, platformName: WINDOWS, proxy: Proxy(), setWindowRect: true, strictFileInteractability: false, timeouts: {implicit: 0, pageLoad: 300000, script: 30000}, unhandledPromptBehavior: dismiss and notify, webauthn:extension:credBlob: true, webauthn:extension:largeBlob: true, webauthn:virtualAuthenticators: true}
Session ID: 3818d9a2d2c08d62a1e49e85fa11cd74
at org.openqa.selenium.remote.http.W3CHttpResponseCodec.createException(W3CHttpResponseCodec.java:187)
at org.openqa.selenium.remote.http.W3CHttpResponseCodec.decode(W3CHttpResponseCodec.java:122)
at org.openqa.selenium.remote.http.W3CHttpResponseCodec.decode(W3CHttpResponseCodec.java:49)
at org.openqa.selenium.remote.HttpCommandExecutor.execute(HttpCommandExecutor.java:158)
at org.openqa.selenium.remote.service.DriverCommandExecutor.execute(DriverCommandExecutor.java:83)
at org.openqa.selenium.remote.RemoteWebDriver.execute(RemoteWebDriver.java:552)
at org.openqa.selenium.remote.RemoteWebElement.execute(RemoteWebElement.java:285)
at org.openqa.selenium.remote.RemoteWebElement.click(RemoteWebElement.java:84)
at com.evo.pages.Home_Page.Documents(Home_Page.java:112)
at com.evo.testcases.Home_test.TC008_Documents(Home_test.java:48)
at java.base/java.util.ArrayList.forEach(ArrayList.java:1511)
... Removed 32 stack frames]]>
    </failure>
  </testcase> <!-- TC008_Documents -->
  <testcase classname="com.evo.testcases.Home_test" name="TC009_Help" time="1.792"/>
  <testcase classname="com.evo.testcases.Home_test" name="TC010_DigitalBusinessCard" time="0.654"/>
  <testcase classname="com.evo.testcases.Home_test" name="TC011_Admin" time="6.381"/>
  <testcase classname="com.evo.testcases.Home_test" name="TC012_ConrolVisibility" time="6.954"/>
  <testcase classname="com.evo.testcases.Home_test" name="TC013_MobileApp" time="1.252"/>
  <testcase classname="com.evo.testcases.Home_test" name="TC014_B2C" time="4.032"/>
  <testcase classname="com.evo.testcases.Home_test" name="TC015_ApplicationVersion" time="0.426"/>
</testsuite> <!-- Test -->
